<?xml version="1.0" encoding="UTF-8"?>
<!-- Generated by org.testng.reporters.JUnitXMLReporter -->
<testsuite ignored="0" hostname="Ashu" failures="0" tests="4" name="Test" time="24.15" errors="0" timestamp="2025-07-16T20:47:45 IST">
  <testcase classname="com.zigzag.web.tests.HomePageTest" name="Verify_ZigZag_Logo_Present_In_HomePage" time="6.224"/>
  <testcase classname="com.zigzag.web.tests.HomePageTest" name="Verify_Slider_Present_In_HomePage" time="6.338"/>
  <testcase classname="com.zigzag.web.tests.HomePageTest" name="Verify_AboutUs_Link_Present_In_HomePage_Footer_Section" time="19.235"/>
  <testcase classname="com.zigzag.web.tests.HomePageTest" name="Verify_Search_Functionality_On_HomePage" time="21.374"/>
</testsuite> <!-- Test -->
