<?xml version="1.0" encoding="UTF-8"?>
<!-- Generated by org.testng.reporters.JUnitXMLReporter -->
<testsuite ignored="3" hostname="Ashu" failures="0" tests="1" name="Default test(failed)" time="8.219" errors="0" timestamp="2025-07-16T18:52:00 IST">
  <testcase classname="com.zigzag.web.tests.HomePageTest" name="Verify_ZigZag_Logo_Present_In_HomePage" time="6.221"/>
  <testcase classname="com.zigzag.web.tests.HomePageTest" name="Verify_Slider_Present_In_HomePage" time="0.0">
    <ignored/>
  </testcase> <!-- Verify_Slider_Present_In_HomePage -->
  <testcase classname="com.zigzag.web.tests.HomePageTest" name="Verify_AboutUs_Link_Present_In_HomePage_Footer_Section" time="0.0">
    <ignored/>
  </testcase> <!-- Verify_AboutUs_Link_Present_In_HomePage_Footer_Section -->
  <testcase classname="com.zigzag.web.tests.HomePageTest" name="Verify_Search_Functionality_On_HomePage" time="0.0">
    <ignored/>
  </testcase> <!-- Verify_Search_Functionality_On_HomePage -->
</testsuite> <!-- Default test(failed) -->
