<?xml version="1.0" encoding="UTF-8"?>
<testng-results ignored="0" total="4" passed="4" failed="0" skipped="0">
  <reporter-output>
  </reporter-output>
  <suite started-at="2025-07-16T20:47:20 IST" name="Suite" finished-at="2025-07-16T20:47:45 IST" duration-ms="24150">
    <groups>
    </groups>
    <test started-at="2025-07-16T20:47:20 IST" name="Test" finished-at="2025-07-16T20:47:45 IST" duration-ms="24150">
      <class name="com.zigzag.web.tests.HomePageTest">
        <test-method is-config="true" signature="extentReportBeforeSuite()[pri:0, instance:com.zigzag.web.tests.HomePageTest@305ffe9e]" started-at="2025-07-16T20:47:20 IST" name="extentReportBeforeSuite" finished-at="2025-07-16T20:47:20 IST" duration-ms="220" status="PASS">
          <reporter-output>
          </reporter-output>
        </test-method> <!-- extentReportBeforeSuite -->
        <test-method is-config="true" signature="masterSetup(java.lang.reflect.Method)[pri:0, instance:com.zigzag.web.tests.HomePageTest@305ffe9e]" started-at="2025-07-16T20:47:20 IST" name="masterSetup" finished-at="2025-07-16T20:47:25 IST" duration-ms="4550" status="PASS">
          <params>
            <param index="0">
              <value>
                <![CDATA[public void com.zigzag.web.tests.HomePageTest.Verify_Slider_Present_In_HomePage()]]>
              </value>
            </param>
          </params>
          <reporter-output>
          </reporter-output>
        </test-method> <!-- masterSetup -->
        <test-method is-config="true" signature="masterSetup(java.lang.reflect.Method)[pri:0, instance:com.zigzag.web.tests.HomePageTest@305ffe9e]" started-at="2025-07-16T20:47:20 IST" name="masterSetup" finished-at="2025-07-16T20:47:24 IST" duration-ms="3144" status="PASS">
          <params>
            <param index="0">
              <value>
                <![CDATA[public void com.zigzag.web.tests.HomePageTest.Verify_AboutUs_Link_Present_In_HomePage_Footer_Section()]]>
              </value>
            </param>
          </params>
          <reporter-output>
          </reporter-output>
        </test-method> <!-- masterSetup -->
        <test-method is-config="true" signature="masterSetup(java.lang.reflect.Method)[pri:0, instance:com.zigzag.web.tests.HomePageTest@305ffe9e]" started-at="2025-07-16T20:47:20 IST" name="masterSetup" finished-at="2025-07-16T20:47:24 IST" duration-ms="3813" status="PASS">
          <params>
            <param index="0">
              <value>
                <![CDATA[public void com.zigzag.web.tests.HomePageTest.Verify_ZigZag_Logo_Present_In_HomePage()]]>
              </value>
            </param>
          </params>
          <reporter-output>
          </reporter-output>
        </test-method> <!-- masterSetup -->
        <test-method is-config="true" signature="masterSetup(java.lang.reflect.Method)[pri:0, instance:com.zigzag.web.tests.HomePageTest@305ffe9e]" started-at="2025-07-16T20:47:20 IST" name="masterSetup" finished-at="2025-07-16T20:47:23 IST" duration-ms="2497" status="PASS">
          <params>
            <param index="0">
              <value>
                <![CDATA[public void com.zigzag.web.tests.HomePageTest.Verify_Search_Functionality_On_HomePage()]]>
              </value>
            </param>
          </params>
          <reporter-output>
          </reporter-output>
        </test-method> <!-- masterSetup -->
        <test-method signature="Verify_Search_Functionality_On_HomePage()[pri:0, instance:com.zigzag.web.tests.HomePageTest@305ffe9e]" started-at="2025-07-16T20:47:23 IST" name="Verify_Search_Functionality_On_HomePage" finished-at="2025-07-16T20:47:44 IST" duration-ms="21374" status="PASS">
          <reporter-output>
          </reporter-output>
        </test-method> <!-- Verify_Search_Functionality_On_HomePage -->
        <test-method signature="Verify_AboutUs_Link_Present_In_HomePage_Footer_Section()[pri:0, instance:com.zigzag.web.tests.HomePageTest@305ffe9e]" started-at="2025-07-16T20:47:24 IST" name="Verify_AboutUs_Link_Present_In_HomePage_Footer_Section" finished-at="2025-07-16T20:47:43 IST" duration-ms="19235" status="PASS">
          <reporter-output>
          </reporter-output>
        </test-method> <!-- Verify_AboutUs_Link_Present_In_HomePage_Footer_Section -->
        <test-method signature="Verify_ZigZag_Logo_Present_In_HomePage()[pri:0, instance:com.zigzag.web.tests.HomePageTest@305ffe9e]" started-at="2025-07-16T20:47:24 IST" name="Verify_ZigZag_Logo_Present_In_HomePage" finished-at="2025-07-16T20:47:31 IST" duration-ms="6224" status="PASS">
          <reporter-output>
          </reporter-output>
        </test-method> <!-- Verify_ZigZag_Logo_Present_In_HomePage -->
        <test-method signature="Verify_Slider_Present_In_HomePage()[pri:0, instance:com.zigzag.web.tests.HomePageTest@305ffe9e]" started-at="2025-07-16T20:47:25 IST" name="Verify_Slider_Present_In_HomePage" finished-at="2025-07-16T20:47:31 IST" duration-ms="6338" status="PASS">
          <reporter-output>
          </reporter-output>
        </test-method> <!-- Verify_Slider_Present_In_HomePage -->
        <test-method is-config="true" signature="extentReportAfterMethod(org.testng.ITestResult)[pri:0, instance:com.zigzag.web.tests.HomePageTest@305ffe9e]" started-at="2025-07-16T20:47:31 IST" name="extentReportAfterMethod" finished-at="2025-07-16T20:47:31 IST" duration-ms="374" status="PASS">
          <params>
            <param index="0">
              <value>
                <![CDATA[[TestResult name=Verify_ZigZag_Logo_Present_In_HomePage status=SUCCESS method=HomePageTest.Verify_ZigZag_Logo_Present_In_HomePage()[pri:0, instance:com.zigzag.web.tests.HomePageTest@305ffe9e] output={null}]]]>
              </value>
            </param>
          </params>
          <reporter-output>
          </reporter-output>
        </test-method> <!-- extentReportAfterMethod -->
        <test-method is-config="true" signature="tearDown()[pri:0, instance:com.zigzag.web.tests.HomePageTest@305ffe9e]" started-at="2025-07-16T20:47:31 IST" name="tearDown" finished-at="2025-07-16T20:47:31 IST" duration-ms="144" status="PASS">
          <reporter-output>
          </reporter-output>
        </test-method> <!-- tearDown -->
        <test-method is-config="true" signature="extentReportAfterMethod(org.testng.ITestResult)[pri:0, instance:com.zigzag.web.tests.HomePageTest@305ffe9e]" started-at="2025-07-16T20:47:31 IST" name="extentReportAfterMethod" finished-at="2025-07-16T20:47:31 IST" duration-ms="17" status="PASS">
          <params>
            <param index="0">
              <value>
                <![CDATA[[TestResult name=Verify_Slider_Present_In_HomePage status=SUCCESS method=HomePageTest.Verify_Slider_Present_In_HomePage()[pri:0, instance:com.zigzag.web.tests.HomePageTest@305ffe9e] output={null}]]]>
              </value>
            </param>
          </params>
          <reporter-output>
          </reporter-output>
        </test-method> <!-- extentReportAfterMethod -->
        <test-method is-config="true" signature="tearDown()[pri:0, instance:com.zigzag.web.tests.HomePageTest@305ffe9e]" started-at="2025-07-16T20:47:31 IST" name="tearDown" finished-at="2025-07-16T20:47:32 IST" duration-ms="184" status="PASS">
          <reporter-output>
          </reporter-output>
        </test-method> <!-- tearDown -->
        <test-method is-config="true" signature="extentReportAfterMethod(org.testng.ITestResult)[pri:0, instance:com.zigzag.web.tests.HomePageTest@305ffe9e]" started-at="2025-07-16T20:47:43 IST" name="extentReportAfterMethod" finished-at="2025-07-16T20:47:43 IST" duration-ms="29" status="PASS">
          <params>
            <param index="0">
              <value>
                <![CDATA[[TestResult name=Verify_AboutUs_Link_Present_In_HomePage_Footer_Section status=SUCCESS method=HomePageTest.Verify_AboutUs_Link_Present_In_HomePage_Footer_Section()[pri:0, instance:com.zigzag.web.tests.HomePageTest@305ffe9e] output={null}]]]>
              </value>
            </param>
          </params>
          <reporter-output>
          </reporter-output>
        </test-method> <!-- extentReportAfterMethod -->
        <test-method is-config="true" signature="tearDown()[pri:0, instance:com.zigzag.web.tests.HomePageTest@305ffe9e]" started-at="2025-07-16T20:47:43 IST" name="tearDown" finished-at="2025-07-16T20:47:43 IST" duration-ms="180" status="PASS">
          <reporter-output>
          </reporter-output>
        </test-method> <!-- tearDown -->
        <test-method is-config="true" signature="extentReportAfterMethod(org.testng.ITestResult)[pri:0, instance:com.zigzag.web.tests.HomePageTest@305ffe9e]" started-at="2025-07-16T20:47:44 IST" name="extentReportAfterMethod" finished-at="2025-07-16T20:47:44 IST" duration-ms="22" status="PASS">
          <params>
            <param index="0">
              <value>
                <![CDATA[[TestResult name=Verify_Search_Functionality_On_HomePage status=SUCCESS method=HomePageTest.Verify_Search_Functionality_On_HomePage()[pri:0, instance:com.zigzag.web.tests.HomePageTest@305ffe9e] output={null}]]]>
              </value>
            </param>
          </params>
          <reporter-output>
          </reporter-output>
        </test-method> <!-- extentReportAfterMethod -->
        <test-method is-config="true" signature="tearDown()[pri:0, instance:com.zigzag.web.tests.HomePageTest@305ffe9e]" started-at="2025-07-16T20:47:44 IST" name="tearDown" finished-at="2025-07-16T20:47:45 IST" duration-ms="220" status="PASS">
          <reporter-output>
          </reporter-output>
        </test-method> <!-- tearDown -->
      </class> <!-- com.zigzag.web.tests.HomePageTest -->
    </test> <!-- Test -->
  </suite> <!-- Suite -->
</testng-results>
